# JRE version: Java(TM) SE Runtime Environment (8.0_241-b07) (build 1.8.0_241-b07)
# Java VM: Java HotSpot(TM) 64-Bit Server VM (25.241-b07 mixed mode windows-amd64 compressed oops)
Heap:
 PSYoungGen      total 26624K, used 2033K [0x00000000f0600000, 0x00000000f2200000, 0x0000000100000000)
  eden space 24576K, 0% used [0x00000000f0600000,0x00000000f0600000,0x00000000f1e00000)
  from space 2048K, 99% used [0x00000000f1e00000,0x00000000f1ffc5c0,0x00000000f2000000)
  to   space 2048K, 0% used [0x00000000f2000000,0x00000000f2000000,0x00000000f2200000)
 ParOldGen       total 32768K, used 6279K [0x00000000d1200000, 0x00000000d3200000, 0x00000000f0600000)
  object space 32768K, 19% used [0x00000000d1200000,0x00000000d1821f00,0x00000000d3200000)
 Metaspace       used 11524K, capacity 11662K, committed 11776K, reserved 1067008K
  class space    used 1394K, capacity 1478K, committed 1536K, reserved 1048576K
GC Heap History (10 events):
Event: 1.303 GC heap after
Heap after GC invocations=1 (full 0):
 PSYoungGen      total 14336K, used 2016K [0x00000000f0600000, 0x00000000f1600000, 0x0000000100000000)
  eden space 12288K, 0% used [0x00000000f0600000,0x00000000f0600000,0x00000000f1200000)
  from space 2048K, 98% used [0x00000000f1200000,0x00000000f13f82f8,0x00000000f1400000)
  to   space 2048K, 0% used [0x00000000f1400000,0x00000000f1400000,0x00000000f1600000)
 ParOldGen       total 32768K, used 378K [0x00000000d1200000, 0x00000000d3200000, 0x00000000f0600000)
  object space 32768K, 1% used [0x00000000d1200000,0x00000000d125eb70,0x00000000d3200000)
 Metaspace       used 5932K, capacity 6044K, committed 6144K, reserved 1056768K
  class space    used 647K, capacity 696K, committed 768K, reserved 1048576K
}
Event: 1.608 GC heap before
{Heap before GC invocations=2 (full 0):
 PSYoungGen      total 14336K, used 14304K [0x00000000f0600000, 0x00000000f1600000, 0x0000000100000000)
  eden space 12288K, 100% used [0x00000000f0600000,0x00000000f1200000,0x00000000f1200000)
  from space 2048K, 98% used [0x00000000f1200000,0x00000000f13f82f8,0x00000000f1400000)
  to   space 2048K, 0% used [0x00000000f1400000,0x00000000f1400000,0x00000000f1600000)
 ParOldGen       total 32768K, used 378K [0x00000000d1200000, 0x00000000d3200000, 0x00000000f0600000)
  object space 32768K, 1% used [0x00000000d1200000,0x00000000d125eb70,0x00000000d3200000)
 Metaspace       used 8230K, capacity 8348K, committed 8448K, reserved 1056768K
  class space    used 956K, capacity 1016K, committed 1024K, reserved 1048576K
Event: 1.614 GC heap after
Heap after GC invocations=2 (full 0):
 PSYoungGen      total 14336K, used 2048K [0x00000000f0600000, 0x00000000f2200000, 0x0000000100000000)
  eden space 12288K, 0% used [0x00000000f0600000,0x00000000f0600000,0x00000000f1200000)
  from space 2048K, 100% used [0x00000000f1400000,0x00000000f1600000,0x00000000f1600000)
  to   space 2048K, 0% used [0x00000000f1200000,0x00000000f1200000,0x00000000f1400000)
 ParOldGen       total 32768K, used 1635K [0x00000000d1200000, 0x00000000d3200000, 0x00000000f0600000)
  object space 32768K, 4% used [0x00000000d1200000,0x00000000d1398e28,0x00000000d3200000)
 Metaspace       used 8230K, capacity 8348K, committed 8448K, reserved 1056768K
  class space    used 956K, capacity 1016K, committed 1024K, reserved 1048576K
}
Event: 1.866 GC heap before
{Heap before GC invocations=3 (full 0):
 PSYoungGen      total 14336K, used 14336K [0x00000000f0600000, 0x00000000f2200000, 0x0000000100000000)
  eden space 12288K, 100% used [0x00000000f0600000,0x00000000f1200000,0x00000000f1200000)
  from space 2048K, 100% used [0x00000000f1400000,0x00000000f1600000,0x00000000f1600000)
  to   space 2048K, 0% used [0x00000000f1200000,0x00000000f1200000,0x00000000f1400000)
 ParOldGen       total 32768K, used 1635K [0x00000000d1200000, 0x00000000d3200000, 0x00000000f0600000)
  object space 32768K, 4% used [0x00000000d1200000,0x00000000d1398e28,0x00000000d3200000)
 Metaspace       used 8845K, capacity 8988K, committed 9088K, reserved 1056768K
  class space    used 1065K, capacity 1144K, committed 1152K, reserved 1048576K
Event: 1.873 GC heap after
Heap after GC invocations=3 (full 0):
 PSYoungGen      total 14336K, used 2016K [0x00000000f0600000, 0x00000000f2200000, 0x0000000100000000)
  eden space 12288K, 0% used [0x00000000f0600000,0x00000000f0600000,0x00000000f1200000)
  from space 2048K, 98% used [0x00000000f1200000,0x00000000f13f8020,0x00000000f1400000)
  to   space 2048K, 0% used [0x00000000f2000000,0x00000000f2000000,0x00000000f2200000)
 ParOldGen       total 32768K, used 2365K [0x00000000d1200000, 0x00000000d3200000, 0x00000000f0600000)
  object space 32768K, 7% used [0x00000000d1200000,0x00000000d144f550,0x00000000d3200000)
 Metaspace       used 8845K, capacity 8988K, committed 9088K, reserved 1056768K
  class space    used 1065K, capacity 1144K, committed 1152K, reserved 1048576K
}
Event: 2.119 GC heap before
{Heap before GC invocations=4 (full 0):
 PSYoungGen      total 14336K, used 14304K [0x00000000f0600000, 0x00000000f2200000, 0x0000000100000000)
  eden space 12288K, 100% used [0x00000000f0600000,0x00000000f1200000,0x00000000f1200000)
  from space 2048K, 98% used [0x00000000f1200000,0x00000000f13f8020,0x00000000f1400000)
  to   space 2048K, 0% used [0x00000000f2000000,0x00000000f2000000,0x00000000f2200000)
 ParOldGen       total 32768K, used 2365K [0x00000000d1200000, 0x00000000d3200000, 0x00000000f0600000)
  object space 32768K, 7% used [0x00000000d1200000,0x00000000d144f550,0x00000000d3200000)
 Metaspace       used 9737K, capacity 9938K, committed 10240K, reserved 1058816K
  class space    used 1168K, capacity 1244K, committed 1280K, reserved 1048576K
Event: 2.126 GC heap after
Heap after GC invocations=4 (full 0):
 PSYoungGen      total 26624K, used 2016K [0x00000000f0600000, 0x00000000f2200000, 0x0000000100000000)
  eden space 24576K, 0% used [0x00000000f0600000,0x00000000f0600000,0x00000000f1e00000)
  from space 2048K, 98% used [0x00000000f2000000,0x00000000f21f8020,0x00000000f2200000)
  to   space 2048K, 0% used [0x00000000f1e00000,0x00000000f1e00000,0x00000000f2000000)
 ParOldGen       total 32768K, used 3805K [0x00000000d1200000, 0x00000000d3200000, 0x00000000f0600000)
  object space 32768K, 11% used [0x00000000d1200000,0x00000000d15b7600,0x00000000d3200000)
 Metaspace       used 9737K, capacity 9938K, committed 10240K, reserved 1058816K
  class space    used 1168K, capacity 1244K, committed 1280K, reserved 1048576K
}
Event: 2.475 GC heap before
{Heap before GC invocations=5 (full 0):
 PSYoungGen      total 26624K, used 20854K [0x00000000f0600000, 0x00000000f2200000, 0x0000000100000000)
  eden space 24576K, 76% used [0x00000000f0600000,0x00000000f1865bb8,0x00000000f1e00000)
  from space 2048K, 98% used [0x00000000f2000000,0x00000000f21f8020,0x00000000f2200000)
  to   space 2048K, 0% used [0x00000000f1e00000,0x00000000f1e00000,0x00000000f2000000)
 ParOldGen       total 32768K, used 3805K [0x00000000d1200000, 0x00000000d3200000, 0x00000000f0600000)
  object space 32768K, 11% used [0x00000000d1200000,0x00000000d15b7600,0x00000000d3200000)
 Metaspace       used 11524K, capacity 11662K, committed 11776K, reserved 1067008K
  class space    used 1394K, capacity 1478K, committed 1536K, reserved 1048576K
Event: 2.484 GC heap after
Heap after GC invocations=5 (full 0):
 PSYoungGen      total 26624K, used 2033K [0x00000000f0600000, 0x00000000f2200000, 0x0000000100000000)
  eden space 24576K, 0% used [0x00000000f0600000,0x00000000f0600000,0x00000000f1e00000)
  from space 2048K, 99% used [0x00000000f1e00000,0x00000000f1ffc5c0,0x00000000f2000000)
  to   space 2048K, 0% used [0x00000000f2000000,0x00000000f2000000,0x00000000f2200000)
 ParOldGen       total 32768K, used 6279K [0x00000000d1200000, 0x00000000d3200000, 0x00000000f0600000)
  object space 32768K, 19% used [0x00000000d1200000,0x00000000d1821f00,0x00000000d3200000)
 Metaspace       used 11524K, capacity 11662K, committed 11776K, reserved 1067008K
  class space    used 1394K, capacity 1478K, committed 1536K, reserved 1048576K
}
Event: 2.484 GC heap before
{Heap before GC invocations=6 (full 1):
 PSYoungGen      total 26624K, used 2033K [0x00000000f0600000, 0x00000000f2200000, 0x0000000100000000)
  eden space 24576K, 0% used [0x00000000f0600000,0x00000000f0600000,0x00000000f1e00000)
  from space 2048K, 99% used [0x00000000f1e00000,0x00000000f1ffc5c0,0x00000000f2000000)
  to   space 2048K, 0% used [0x00000000f2000000,0x00000000f2000000,0x00000000f2200000)
 ParOldGen       total 32768K, used 6279K [0x00000000d1200000, 0x00000000d3200000, 0x00000000f0600000)
  object space 32768K, 19% used [0x00000000d1200000,0x00000000d1821f00,0x00000000d3200000)
 Metaspace       used 11524K, capacity 11662K, committed 11776K, reserved 1067008K
  class space    used 1394K, capacity 1478K, committed 1536K, reserved 1048576K

