# JRE version: Java(TM) SE Runtime Environment (8.0_241-b07) (build 1.8.0_241-b07)
# Java VM: Java HotSpot(TM) 64-Bit Server VM (25.241-b07 mixed mode windows-amd64 compressed oops)
Heap:
 PSYoungGen      total 14336K, used 7192K [0x00000000f0600000, 0x00000000f1600000, 0x0000000100000000)
  eden space 12288K, 41% used [0x00000000f0600000,0x00000000f0b063a0,0x00000000f1200000)
  from space 2048K, 100% used [0x00000000f1200000,0x00000000f1400000,0x00000000f1400000)
  to   space 2048K, 0% used [0x00000000f1400000,0x00000000f1400000,0x00000000f1600000)
 ParOldGen       total 32768K, used 9095K [0x00000000d1200000, 0x00000000d3200000, 0x00000000f0600000)
  object space 32768K, 27% used [0x00000000d1200000,0x00000000d1ae1f58,0x00000000d3200000)
 Metaspace       used 14101K, capacity 14344K, committed 14720K, reserved 1062912K
  class space    used 1742K, capacity 1844K, committed 1920K, reserved 1048576K
GC Heap History (10 events):
Event: 4.637 GC heap before
{Heap before GC invocations=3 (full 0):
 PSYoungGen      total 14336K, used 14336K [0x00000000f0600000, 0x00000000f1600000, 0x0000000100000000)
  eden space 12288K, 100% used [0x00000000f0600000,0x00000000f1200000,0x00000000f1200000)
  from space 2048K, 100% used [0x00000000f1400000,0x00000000f1600000,0x00000000f1600000)
  to   space 2048K, 0% used [0x00000000f1200000,0x00000000f1200000,0x00000000f1400000)
 ParOldGen       total 32768K, used 1632K [0x00000000d1200000, 0x00000000d3200000, 0x00000000f0600000)
  object space 32768K, 4% used [0x00000000d1200000,0x00000000d1398018,0x00000000d3200000)
 Metaspace       used 8965K, capacity 9116K, committed 9344K, reserved 1056768K
  class space    used 1079K, capacity 1144K, committed 1152K, reserved 1048576K
Event: 4.643 GC heap after
Heap after GC invocations=3 (full 0):
 PSYoungGen      total 14336K, used 2032K [0x00000000f0600000, 0x00000000f1600000, 0x0000000100000000)
  eden space 12288K, 0% used [0x00000000f0600000,0x00000000f0600000,0x00000000f1200000)
  from space 2048K, 99% used [0x00000000f1200000,0x00000000f13fc050,0x00000000f1400000)
  to   space 2048K, 0% used [0x00000000f1400000,0x00000000f1400000,0x00000000f1600000)
 ParOldGen       total 32768K, used 2395K [0x00000000d1200000, 0x00000000d3200000, 0x00000000f0600000)
  object space 32768K, 7% used [0x00000000d1200000,0x00000000d1456ce0,0x00000000d3200000)
 Metaspace       used 8965K, capacity 9116K, committed 9344K, reserved 1056768K
  class space    used 1079K, capacity 1144K, committed 1152K, reserved 1048576K
}
Event: 4.857 GC heap before
{Heap before GC invocations=4 (full 0):
 PSYoungGen      total 14336K, used 14320K [0x00000000f0600000, 0x00000000f1600000, 0x0000000100000000)
  eden space 12288K, 100% used [0x00000000f0600000,0x00000000f1200000,0x00000000f1200000)
  from space 2048K, 99% used [0x00000000f1200000,0x00000000f13fc050,0x00000000f1400000)
  to   space 2048K, 0% used [0x00000000f1400000,0x00000000f1400000,0x00000000f1600000)
 ParOldGen       total 32768K, used 2395K [0x00000000d1200000, 0x00000000d3200000, 0x00000000f0600000)
  object space 32768K, 7% used [0x00000000d1200000,0x00000000d1456ce0,0x00000000d3200000)
 Metaspace       used 9834K, capacity 10002K, committed 10240K, reserved 1058816K
  class space    used 1176K, capacity 1244K, committed 1280K, reserved 1048576K
Event: 4.867 GC heap after
Heap after GC invocations=4 (full 0):
 PSYoungGen      total 14336K, used 2032K [0x00000000f0600000, 0x00000000f1600000, 0x0000000100000000)
  eden space 12288K, 0% used [0x00000000f0600000,0x00000000f0600000,0x00000000f1200000)
  from space 2048K, 99% used [0x00000000f1400000,0x00000000f15fc010,0x00000000f1600000)
  to   space 2048K, 0% used [0x00000000f1200000,0x00000000f1200000,0x00000000f1400000)
 ParOldGen       total 32768K, used 4127K [0x00000000d1200000, 0x00000000d3200000, 0x00000000f0600000)
  object space 32768K, 12% used [0x00000000d1200000,0x00000000d1607e78,0x00000000d3200000)
 Metaspace       used 9834K, capacity 10002K, committed 10240K, reserved 1058816K
  class space    used 1176K, capacity 1244K, committed 1280K, reserved 1048576K
}
Event: 5.186 GC heap before
{Heap before GC invocations=5 (full 0):
 PSYoungGen      total 14336K, used 14320K [0x00000000f0600000, 0x00000000f1600000, 0x0000000100000000)
  eden space 12288K, 100% used [0x00000000f0600000,0x00000000f1200000,0x00000000f1200000)
  from space 2048K, 99% used [0x00000000f1400000,0x00000000f15fc010,0x00000000f1600000)
  to   space 2048K, 0% used [0x00000000f1200000,0x00000000f1200000,0x00000000f1400000)
 ParOldGen       total 32768K, used 4127K [0x00000000d1200000, 0x00000000d3200000, 0x00000000f0600000)
  object space 32768K, 12% used [0x00000000d1200000,0x00000000d1607e78,0x00000000d3200000)
 Metaspace       used 11089K, capacity 11242K, committed 11392K, reserved 1058816K
  class space    used 1334K, capacity 1382K, committed 1408K, reserved 1048576K
Event: 5.194 GC heap after
Heap after GC invocations=5 (full 0):
 PSYoungGen      total 14336K, used 2016K [0x00000000f0600000, 0x00000000f1600000, 0x0000000100000000)
  eden space 12288K, 0% used [0x00000000f0600000,0x00000000f0600000,0x00000000f1200000)
  from space 2048K, 98% used [0x00000000f1200000,0x00000000f13f8020,0x00000000f1400000)
  to   space 2048K, 0% used [0x00000000f1400000,0x00000000f1400000,0x00000000f1600000)
 ParOldGen       total 32768K, used 5625K [0x00000000d1200000, 0x00000000d3200000, 0x00000000f0600000)
  object space 32768K, 17% used [0x00000000d1200000,0x00000000d177e600,0x00000000d3200000)
 Metaspace       used 11089K, capacity 11242K, committed 11392K, reserved 1058816K
  class space    used 1334K, capacity 1382K, committed 1408K, reserved 1048576K
}
Event: 5.501 GC heap before
{Heap before GC invocations=6 (full 0):
 PSYoungGen      total 14336K, used 14304K [0x00000000f0600000, 0x00000000f1600000, 0x0000000100000000)
  eden space 12288K, 100% used [0x00000000f0600000,0x00000000f1200000,0x00000000f1200000)
  from space 2048K, 98% used [0x00000000f1200000,0x00000000f13f8020,0x00000000f1400000)
  to   space 2048K, 0% used [0x00000000f1400000,0x00000000f1400000,0x00000000f1600000)
 ParOldGen       total 32768K, used 5625K [0x00000000d1200000, 0x00000000d3200000, 0x00000000f0600000)
  object space 32768K, 17% used [0x00000000d1200000,0x00000000d177e600,0x00000000d3200000)
 Metaspace       used 12314K, capacity 12568K, committed 12928K, reserved 1060864K
  class space    used 1510K, capacity 1607K, committed 1664K, reserved 1048576K
Event: 5.507 GC heap after
Heap after GC invocations=6 (full 0):
 PSYoungGen      total 14336K, used 2032K [0x00000000f0600000, 0x00000000f1600000, 0x0000000100000000)
  eden space 12288K, 0% used [0x00000000f0600000,0x00000000f0600000,0x00000000f1200000)
  from space 2048K, 99% used [0x00000000f1400000,0x00000000f15fc010,0x00000000f1600000)
  to   space 2048K, 0% used [0x00000000f1200000,0x00000000f1200000,0x00000000f1400000)
 ParOldGen       total 32768K, used 7352K [0x00000000d1200000, 0x00000000d3200000, 0x00000000f0600000)
  object space 32768K, 22% used [0x00000000d1200000,0x00000000d192e170,0x00000000d3200000)
 Metaspace       used 12314K, capacity 12568K, committed 12928K, reserved 1060864K
  class space    used 1510K, capacity 1607K, committed 1664K, reserved 1048576K
}
Event: 5.852 GC heap before
{Heap before GC invocations=7 (full 0):
 PSYoungGen      total 14336K, used 14320K [0x00000000f0600000, 0x00000000f1600000, 0x0000000100000000)
  eden space 12288K, 100% used [0x00000000f0600000,0x00000000f1200000,0x00000000f1200000)
  from space 2048K, 99% used [0x00000000f1400000,0x00000000f15fc010,0x00000000f1600000)
  to   space 2048K, 0% used [0x00000000f1200000,0x00000000f1200000,0x00000000f1400000)
 ParOldGen       total 32768K, used 7352K [0x00000000d1200000, 0x00000000d3200000, 0x00000000f0600000)
  object space 32768K, 22% used [0x00000000d1200000,0x00000000d192e170,0x00000000d3200000)
 Metaspace       used 13513K, capacity 13694K, committed 13824K, reserved 1060864K
  class space    used 1692K, capacity 1768K, committed 1792K, reserved 1048576K
Event: 5.859 GC heap after
Heap after GC invocations=7 (full 0):
 PSYoungGen      total 14336K, used 2048K [0x00000000f0600000, 0x00000000f1600000, 0x0000000100000000)
  eden space 12288K, 0% used [0x00000000f0600000,0x00000000f0600000,0x00000000f1200000)
  from space 2048K, 100% used [0x00000000f1200000,0x00000000f1400000,0x00000000f1400000)
  to   space 2048K, 0% used [0x00000000f1400000,0x00000000f1400000,0x00000000f1600000)
 ParOldGen       total 32768K, used 9095K [0x00000000d1200000, 0x00000000d3200000, 0x00000000f0600000)
  object space 32768K, 27% used [0x00000000d1200000,0x00000000d1ae1f58,0x00000000d3200000)
 Metaspace       used 13513K, capacity 13694K, committed 13824K, reserved 1060864K
  class space    used 1692K, capacity 1768K, committed 1792K, reserved 1048576K
}

